<?xml version="1.0" encoding="UTF-8"?>
<!-- Generated by org.testng.reporters.JUnitReportReporter -->
<testsuite hostname="Rini-PC" failures="0" tests="1" name="CrudOperationWithJsonFile.Delete" time="3.230" errors="0" timestamp="30 Jul 2021 07:35:41 GMT" skipped="0">
  <testcase classname="CrudOperationWithJsonFile.Delete" name="deleteProjectUsingJsonFile" time="3.230"/>
</testsuite> <!-- CrudOperationWithJsonFile.Delete -->
