<?xml version="1.0" encoding="UTF-8"?>
<!-- Generated by org.testng.reporters.JUnitReportReporter -->
<testsuite hostname="Rini-PC" failures="0" tests="1" name="BDD.Post_projects" time="4.463" errors="0" timestamp="29 Jul 2021 12:39:30 GMT" skipped="0">
  <testcase classname="BDD.Post_projects" name="CreateProject" time="4.463"/>
</testsuite> <!-- BDD.Post_projects -->
