<?xml version="1.0" encoding="UTF-8"?>
<!-- Generated by org.testng.reporters.JUnitReportReporter -->
<testsuite hostname="Rini-PC" failures="0" tests="1" name="BDD.Delete_Project" time="3.454" errors="0" timestamp="29 Jul 2021 12:50:26 GMT" skipped="0">
  <testcase classname="BDD.Delete_Project" name="delete_Project" time="3.454"/>
</testsuite> <!-- BDD.Delete_Project -->
