<?xml version="1.0" encoding="UTF-8"?>
<!-- Generated by org.testng.reporters.JUnitReportReporter -->
<testsuite hostname="Rini-PC" failures="0" tests="1" name="com.comcast.RmgTestCase.CreateEmployeeByXmlTextHtml" time="4.334" errors="0" timestamp="02 Aug 2021 09:01:24 GMT" skipped="0">
  <testcase classname="com.comcast.RmgTestCase.CreateEmployeeByXmlTextHtml" name="createEmp" time="4.334"/>
</testsuite> <!-- com.comcast.RmgTestCase.CreateEmployeeByXmlTextHtml -->
