<?xml version="1.0" encoding="UTF-8"?>
<!-- Generated by org.testng.reporters.JUnitReportReporter -->
<testsuite hostname="Rini-PC" failures="0" tests="1" name="com.comcastParametersAuthentication.Oath2authetication" time="4.792" errors="0" timestamp="31 Jul 2021 11:02:35 GMT" skipped="0">
  <testcase classname="com.comcastParametersAuthentication.Oath2authetication" name="oauth2coop" time="4.792"/>
</testsuite> <!-- com.comcastParametersAuthentication.Oath2authetication -->
