<?xml version="1.0" encoding="UTF-8"?>
<!-- Generated by org.testng.reporters.JUnitReportReporter -->
<testsuite hostname="Rini-PC" failures="0" tests="1" name="com.comcastRequestChainingCreateAndDelete.CreateGetAndDeleteTest" time="5.998" errors="0" timestamp="01 Aug 2021 18:05:23 GMT" skipped="0">
  <testcase classname="com.comcastRequestChainingCreateAndDelete.CreateGetAndDeleteTest" name="createGetDelete" time="5.998"/>
</testsuite> <!-- com.comcastRequestChainingCreateAndDelete.CreateGetAndDeleteTest -->
