<?xml version="1.0" encoding="UTF-8"?>
<!-- Generated by org.testng.reporters.JUnitReportReporter -->
<testsuite hostname="Rini-PC" failures="0" tests="1" name="Demo1.Delete" time="3.202" errors="0" timestamp="29 Jul 2021 18:10:25 GMT" skipped="0">
  <testcase classname="Demo1.Delete" name="DeleteProject" time="3.202"/>
</testsuite> <!-- Demo1.Delete -->
