<?xml version="1.0" encoding="UTF-8"?>
<!-- Generated by org.testng.reporters.JUnitReportReporter -->
<testsuite hostname="Rini-PC" failures="0" tests="1" name="com.comcast.create.CreateProjectUsingPojoTest" time="3.985" errors="0" timestamp="30 Jul 2021 10:07:29 GMT" skipped="0">
  <testcase classname="com.comcast.create.CreateProjectUsingPojoTest" name="createUsingPojo" time="3.985"/>
</testsuite> <!-- com.comcast.create.CreateProjectUsingPojoTest -->
