<?xml version="1.0" encoding="UTF-8"?>
<!-- Generated by org.testng.reporters.JUnitReportReporter -->
<testsuite hostname="Rini-PC" failures="0" tests="1" name="RmgApplication.DeleteProject" time="3.231" errors="0" timestamp="29 Jul 2021 11:09:58 GMT" skipped="0">
  <testcase classname="RmgApplication.DeleteProject" name="deleteProject" time="3.231"/>
</testsuite> <!-- RmgApplication.DeleteProject -->
