<?xml version="1.0" encoding="UTF-8"?>
<!-- Generated by org.testng.reporters.JUnitReportReporter -->
<testsuite hostname="Rini-PC" failures="0" tests="1" name="com.comcastRequestChainingCreateAndDelete.CreateAndDeleteTest" time="4.811" errors="0" timestamp="31 Jul 2021 18:37:39 GMT" skipped="0">
  <testcase classname="com.comcastRequestChainingCreateAndDelete.CreateAndDeleteTest" name="createAndDelete" time="4.811"/>
</testsuite> <!-- com.comcastRequestChainingCreateAndDelete.CreateAndDeleteTest -->
