<?xml version="1.0" encoding="UTF-8"?>
<!-- Generated by org.testng.reporters.JUnitReportReporter -->
<testsuite hostname="Rini-PC" failures="0" tests="1" name="com.comcastParametersAuthentication.RequestChain" time="4.940" errors="0" timestamp="31 Jul 2021 07:44:28 GMT" skipped="0">
  <testcase classname="com.comcastParametersAuthentication.RequestChain" name="requestChaining" time="4.940"/>
</testsuite> <!-- com.comcastParametersAuthentication.RequestChain -->
