<?xml version="1.0" encoding="UTF-8"?>
<!-- Generated by org.testng.reporters.JUnitReportReporter -->
<testsuite hostname="Rini-PC" failures="0" tests="1" name="com.comcast.EndToEnd.CreateAndDeleteUser" time="7.724" errors="0" timestamp="02 Aug 2021 05:29:22 GMT" skipped="0">
  <testcase classname="com.comcast.EndToEnd.CreateAndDeleteUser" name="createProjAndAllocateUser" time="7.724"/>
</testsuite> <!-- com.comcast.EndToEnd.CreateAndDeleteUser -->
