<?xml version="1.0" encoding="UTF-8"?>
<!-- Generated by org.testng.reporters.JUnitReportReporter -->
<testsuite hostname="Rini-PC" failures="0" tests="1" name="Demo1.put" time="4.154" errors="0" timestamp="29 Jul 2021 18:02:49 GMT" skipped="0">
  <testcase classname="Demo1.put" name="UpdateProject" time="4.154"/>
</testsuite> <!-- Demo1.put -->
