<?xml version="1.0" encoding="UTF-8"?>
<!-- Generated by org.testng.reporters.JUnitReportReporter -->
<testsuite hostname="Rini-PC" failures="0" tests="1" name="Demo1.Get" time="3.353" errors="0" timestamp="29 Jul 2021 17:29:40 GMT" skipped="0">
  <testcase classname="Demo1.Get" name="getAllProjects" time="3.353"/>
</testsuite> <!-- Demo1.Get -->
