<?xml version="1.0" encoding="UTF-8"?>
<!-- Generated by org.testng.reporters.JUnitReportReporter -->
<testsuite hostname="Rini-PC" failures="0" tests="1" name="com.comcastRequestChainingCreateAndDelete.CreateGetDeleteTest" time="5.520" errors="0" timestamp="01 Aug 2021 16:42:35 GMT" skipped="0">
  <testcase classname="com.comcastRequestChainingCreateAndDelete.CreateGetDeleteTest" name="createDelete" time="5.520"/>
</testsuite> <!-- com.comcastRequestChainingCreateAndDelete.CreateGetDeleteTest -->
