<?xml version="1.0" encoding="UTF-8"?>
<!-- Generated by org.testng.reporters.JUnitReportReporter -->
<testsuite hostname="Rini-PC" failures="0" tests="1" name="RmgApplication.PutProject" time="3.964" errors="0" timestamp="29 Jul 2021 11:23:45 GMT" skipped="0">
  <testcase classname="RmgApplication.PutProject" name="PutProject" time="3.964"/>
</testsuite> <!-- RmgApplication.PutProject -->
