<?xml version="1.0" encoding="UTF-8"?>
<!-- Generated by org.testng.reporters.JUnitReportReporter -->
<testsuite hostname="Rini-PC" failures="0" tests="1" name="RmgApplication.GetProject" time="3.099" errors="0" timestamp="29 Jul 2021 11:09:24 GMT" skipped="0">
  <testcase classname="RmgApplication.GetProject" name="getAllProjects" time="3.099"/>
</testsuite> <!-- RmgApplication.GetProject -->
