<?xml version="1.0" encoding="UTF-8"?>
<!-- Generated by org.testng.reporters.JUnitReportReporter -->
<testsuite hostname="Rini-PC" failures="0" tests="1" name="com.comcastParametersAuthentication.BasicAuthAuthentication" time="3.806" errors="0" timestamp="31 Jul 2021 09:25:59 GMT" skipped="0">
  <testcase classname="com.comcastParametersAuthentication.BasicAuthAuthentication" name="basicauth" time="3.806"/>
</testsuite> <!-- com.comcastParametersAuthentication.BasicAuthAuthentication -->
