<?xml version="1.0" encoding="UTF-8"?>
<!-- Generated by org.testng.reporters.JUnitReportReporter -->
<testsuite hostname="Rini-PC" failures="0" tests="1" name="com.comcastRequestChainingCreateAndDelete.CreateDeleteTest" time="5.622" errors="0" timestamp="01 Aug 2021 16:30:49 GMT" skipped="0">
  <testcase classname="com.comcastRequestChainingCreateAndDelete.CreateDeleteTest" name="createGetDelete" time="5.622"/>
</testsuite> <!-- com.comcastRequestChainingCreateAndDelete.CreateDeleteTest -->
