<?xml version="1.0" encoding="UTF-8"?>
<!-- Generated by org.testng.reporters.JUnitReportReporter -->
<testsuite hostname="Rini-PC" failures="0" tests="1" name="RmgApplication.CreateProject" time="4.164" errors="0" timestamp="29 Jul 2021 11:21:44 GMT" skipped="0">
  <testcase classname="RmgApplication.CreateProject" name="CreateProject" time="4.164"/>
</testsuite> <!-- RmgApplication.CreateProject -->
