<?xml version="1.0" encoding="UTF-8"?>
<!-- Generated by org.testng.reporters.JUnitReportReporter -->
<testsuite hostname="Rini-PC" failures="0" tests="1" name="CrudOperationWithJsonFile.Post" time="3.723" errors="0" timestamp="30 Jul 2021 07:11:47 GMT" skipped="0">
  <testcase classname="CrudOperationWithJsonFile.Post" name="CreateProjUsinJsonFile" time="3.723"/>
</testsuite> <!-- CrudOperationWithJsonFile.Post -->
