<?xml version="1.0" encoding="UTF-8"?>
<!-- Generated by org.testng.reporters.JUnitReportReporter -->
<testsuite hostname="Rini-PC" failures="0" tests="1" name="coom.comcastRequestChainingCreateAndDelete.CreateTest" time="4.343" errors="0" timestamp="31 Jul 2021 17:23:31 GMT" skipped="0">
  <testcase classname="coom.comcastRequestChainingCreateAndDelete.CreateTest" name="createTest" time="4.343"/>
</testsuite> <!-- coom.comcastRequestChainingCreateAndDelete.CreateTest -->
