<?xml version="1.0" encoding="UTF-8"?>
<!-- Generated by org.testng.reporters.JUnitReportReporter -->
<testsuite hostname="Rini-PC" failures="0" tests="1" name="BDD.Put" time="4.592" errors="0" timestamp="29 Jul 2021 17:18:29 GMT" skipped="0">
  <testcase classname="BDD.Put" name="updateProject" time="4.592"/>
</testsuite> <!-- BDD.Put -->
