<?xml version="1.0" encoding="UTF-8"?>
<!-- Generated by org.testng.reporters.JUnitReportReporter -->
<testsuite hostname="Rini-PC" failures="0" tests="1" name="com.comcast.ComplexData.ValidateStaticResponseTest" time="4.767" errors="0" timestamp="30 Jul 2021 17:38:10 GMT" skipped="0">
  <testcase classname="com.comcast.ComplexData.ValidateStaticResponseTest" name="staticResponse" time="4.767"/>
</testsuite> <!-- com.comcast.ComplexData.ValidateStaticResponseTest -->
