<?xml version="1.0" encoding="UTF-8"?>
<!-- Generated by org.testng.reporters.JUnitReportReporter -->
<testsuite hostname="Rini-PC" failures="0" tests="1" name="com.comcastParametersAuthentication.BearerTokenAuthenticaton" time="5.284" errors="0" timestamp="31 Jul 2021 09:55:17 GMT" skipped="0">
  <testcase classname="com.comcastParametersAuthentication.BearerTokenAuthenticaton" name="bearerToken" time="5.284"/>
</testsuite> <!-- com.comcastParametersAuthentication.BearerTokenAuthenticaton -->
