<?xml version="1.0" encoding="UTF-8"?>
<!-- Generated by org.testng.reporters.JUnitReportReporter -->
<testsuite hostname="Rini-PC" failures="0" tests="1" name="CrudOperationWithHashmap.post" time="4.130" errors="0" timestamp="30 Jul 2021 06:31:40 GMT" skipped="0">
  <testcase classname="CrudOperationWithHashmap.post" name="CreatProjects" time="4.130"/>
</testsuite> <!-- CrudOperationWithHashmap.post -->
