<?xml version="1.0" encoding="UTF-8"?>
<!-- Generated by org.testng.reporters.JUnitReportReporter -->
<testsuite hostname="Rini-PC" failures="0" tests="1" name="Demo1.post" time="4.200" errors="0" timestamp="29 Jul 2021 17:47:38 GMT" skipped="0">
  <testcase classname="Demo1.post" name="CreateSingleProject" time="4.200"/>
</testsuite> <!-- Demo1.post -->
