<?xml version="1.0" encoding="UTF-8"?>
<!-- Generated by org.testng.reporters.JUnitReportReporter -->
<testsuite hostname="Rini-PC" failures="0" tests="1" name="BDD.Get_Project" time="3.283" errors="0" timestamp="29 Jul 2021 12:27:11 GMT" skipped="0">
  <testcase classname="BDD.Get_Project" name="getAllProjects" time="3.283"/>
</testsuite> <!-- BDD.Get_Project -->
