<?xml version="1.0" encoding="UTF-8"?>
<!-- Generated by org.testng.reporters.JUnitReportReporter -->
<testsuite hostname="Rini-PC" failures="0" tests="1" name="com.ty.Rmg.Projects.CreateTest" time="5.506" errors="0" timestamp="02 Aug 2021 08:59:42 GMT" skipped="0">
  <testcase classname="com.ty.Rmg.Projects.CreateTest" name="createTest" time="5.506"/>
</testsuite> <!-- com.ty.Rmg.Projects.CreateTest -->
