<?xml version="1.0" encoding="UTF-8"?>
<!-- Generated by org.testng.reporters.JUnitReportReporter -->
<testsuite hostname="Rini-PC" failures="0" tests="1" name="CrudOperationWithHashmap.Delete" time="3.348" errors="0" timestamp="30 Jul 2021 06:36:47 GMT" skipped="0">
  <testcase classname="CrudOperationWithHashmap.Delete" name="DeleteProject" time="3.348"/>
</testsuite> <!-- CrudOperationWithHashmap.Delete -->
