<?xml version="1.0" encoding="UTF-8"?>
<!-- Generated by org.testng.reporters.JUnitReportReporter -->
<testsuite hostname="Rini-PC" failures="0" tests="1" name="CrudOperationWithHashmap.get" time="3.620" errors="0" timestamp="30 Jul 2021 06:23:01 GMT" skipped="0">
  <testcase classname="CrudOperationWithHashmap.get" name="GetProject" time="3.620"/>
</testsuite> <!-- CrudOperationWithHashmap.get -->
