<?xml version="1.0" encoding="UTF-8"?>
<!-- Generated by org.testng.reporters.JUnitReportReporter -->
<testsuite hostname="Rini-PC" failures="0" tests="1" name="com.comcast.ComplexData.ValidateDynamicResponseTest" time="4.479" errors="0" timestamp="30 Jul 2021 15:36:11 GMT" skipped="0">
  <testcase classname="com.comcast.ComplexData.ValidateDynamicResponseTest" name="dynamicResponse" time="4.479"/>
</testsuite> <!-- com.comcast.ComplexData.ValidateDynamicResponseTest -->
