<?xml version="1.0" encoding="UTF-8"?>
<!-- Generated by org.testng.reporters.JUnitReportReporter -->
<testsuite hostname="Rini-PC" failures="0" tests="1" name="coom.comcastRequestChainingCreateAndDelete.DeleteTest" time="4.710" errors="0" timestamp="31 Jul 2021 17:45:32 GMT" skipped="0">
  <testcase classname="coom.comcastRequestChainingCreateAndDelete.DeleteTest" name="delete" time="4.710"/>
</testsuite> <!-- coom.comcastRequestChainingCreateAndDelete.DeleteTest -->
