<?xml version="1.0" encoding="UTF-8"?>
<!-- Generated by org.testng.reporters.JUnitReportReporter -->
<testsuite hostname="Rini-PC" failures="0" tests="4" name="com.comcast.create.CreateMultipleProject" time="4.310" errors="0" timestamp="30 Jul 2021 11:25:19 GMT" skipped="0">
  <testcase classname="com.comcast.create.CreateMultipleProject" name="createMultipleProjects" time="0.049"/>
  <testcase classname="com.comcast.create.CreateMultipleProject" name="createMultipleProjects" time="4.087"/>
  <testcase classname="com.comcast.create.CreateMultipleProject" name="createMultipleProjects" time="0.060"/>
  <testcase classname="com.comcast.create.CreateMultipleProject" name="createMultipleProjects" time="0.114"/>
</testsuite> <!-- com.comcast.create.CreateMultipleProject -->
