<?xml version="1.0" encoding="UTF-8"?>
<!-- Generated by org.testng.reporters.JUnitReportReporter -->
<testsuite hostname="Rini-PC" failures="0" tests="1" name="com.comcastParametersAuthentication.QueryParam" time="3.431" errors="0" timestamp="31 Jul 2021 07:17:11 GMT" skipped="0">
  <testcase classname="com.comcastParametersAuthentication.QueryParam" name="queryParam" time="3.431"/>
</testsuite> <!-- com.comcastParametersAuthentication.QueryParam -->
