<?xml version="1.0" encoding="UTF-8"?>
<!-- Generated by org.testng.reporters.JUnitReportReporter -->
<testsuite hostname="Rini-PC" failures="0" tests="1" name="CrudOperationWithJsonFile.put" time="3.256" errors="0" timestamp="30 Jul 2021 07:33:32 GMT" skipped="0">
  <testcase classname="CrudOperationWithJsonFile.put" name="updateProjectOfJsonFile" time="3.256"/>
</testsuite> <!-- CrudOperationWithJsonFile.put -->
