<?xml version="1.0" encoding="UTF-8"?>
<!-- Generated by org.testng.reporters.JUnitReportReporter -->
<testsuite hostname="Rini-PC" failures="0" tests="1" name="com.comcast.RmgTestCase.CreateEmployeeTest" time="4.264" errors="0" timestamp="02 Aug 2021 09:12:51 GMT" skipped="0">
  <testcase classname="com.comcast.RmgTestCase.CreateEmployeeTest" name="createEmployee" time="4.264"/>
</testsuite> <!-- com.comcast.RmgTestCase.CreateEmployeeTest -->
