<?xml version="1.0" encoding="UTF-8"?>
<!-- Generated by org.testng.reporters.JUnitReportReporter -->
<testsuite hostname="Rini-PC" failures="0" tests="1" name="com.comcastParametersAuthentication.PathParam" time="3.264" errors="0" timestamp="31 Jul 2021 18:40:14 GMT" skipped="0">
  <testcase classname="com.comcastParametersAuthentication.PathParam" name="pathParameter" time="3.264"/>
</testsuite> <!-- com.comcastParametersAuthentication.PathParam -->
